Arguments: 
  /Users/gabrielsartorato/.nvm/versions/node/v14.17.1/bin/node /Users/gabrielsartorato/.nvm/versions/node/v14.17.1/bin/yarn

PATH: 
  /Users/gabrielsartorato/.nvm/versions/node/v14.17.1/bin:/opt/homebrew/bin:/usr/local/bin:/usr/bin:/bin:/usr/sbin:/sbin:/Users/gabrielsartorato/.nvm/versions/node/v14.17.1/bin:/opt/homebrew/bin:/Users/gabrielsartorato/.zinit/polaris/bin

Yarn version: 
  1.22.10

Node version: 
  14.17.1

Platform: 
  darwin arm64

Trace: 
  SyntaxError: /Users/gabrielsartorato/Documents/manguinho/api/package.json: Unexpected token , in JSON at position 1251
      at JSON.parse (<anonymous>)
      at /Users/gabrielsartorato/.nvm/versions/node/v14.17.1/lib/node_modules/yarn/lib/cli.js:1625:59
      at Generator.next (<anonymous>)
      at step (/Users/gabrielsartorato/.nvm/versions/node/v14.17.1/lib/node_modules/yarn/lib/cli.js:310:30)
      at /Users/gabrielsartorato/.nvm/versions/node/v14.17.1/lib/node_modules/yarn/lib/cli.js:321:13

npm manifest: 
  {
    "name": "api",
    "version": "1.0.0",
    "main": "index.js",
    "author": "Gabriel Sartorato <gabriel.sartorato@hotmail.com>",
    "license": "MIT",
    "private": false,
    "devDependencies": {
      "@shelf/jest-mongodb": "^2.0.1",
      "@types/bcrypt": "^5.0.0",
      "@types/jest": "^26.0.24",
      "@types/mongodb": "^3.6.20",
      "@types/node": "^16.4.0",
      "@types/validator": "^13.6.3",
      "@typescript-eslint/eslint-plugin": "4",
      "eslint": "7",
      "eslint-config-standard-with-typescript": "^20.0.0",
      "eslint-plugin-import": "2",
      "eslint-plugin-node": "11",
      "eslint-plugin-promise": "^5.1.0",
      "git-commit-msg-linter": "^3.2.6",
      "husky": "^7.0.1",
      "jest": "^27.0.6",
      "lint-staged": "^11.0.1",
      "ts-jest": "^27.0.3",
      "typescript": "^4.3.5"
    },
    "scripts": {
      "test": "jest --passWithNoTests --silent --noStackTrace --runInBand",
      "test:verbose": "jest --passWithNoTests --runInBand",
      "test:unit": "npm test -- --watch -c jest-unit-config.js",
      "test:integration": "npm test -- --watch -c jest-integration-config.js",
      "test:staged": "npm test --",
      "test:ci": "npm test -- --coverage",
      "pre-commit-lint": "yarn lint-staged"
    },
    "dependencies": {
      "bcrypt": "^5.0.1",
      "^3.6.3",
      "validator": "^13.6.0"
    }
  }

yarn manifest: 
  No manifest

Lockfile: 
  No lockfile
